{"level":"error","message":"Tue Nov 28 2023 23:41:55 GMT+0530 (India Standard Time)-{\"name\":\"Data Not found\",\"statusCode\":500,\"isOperational\":true}","private":true}
{"level":"error","message":"Thu Nov 30 2023 00:02:58 GMT+0530 (India Standard Time)-{\"name\":\"Data Not found\",\"statusCode\":500,\"isOperational\":true}","private":true}
{"level":"error","message":"Thu Nov 30 2023 21:02:36 GMT+0530 (India Standard Time)-{}","private":true}
{"level":"error","message":"Thu Nov 30 2023 21:03:18 GMT+0530 (India Standard Time)-{}","private":true}
{"level":"error","message":"Thu Nov 30 2023 21:05:23 GMT+0530 (India Standard Time)-{}","private":true}
{"level":"error","message":"Thu Nov 30 2023 21:12:44 GMT+0530 (India Standard Time)-{}","private":true}
{"level":"error","message":"Thu Nov 30 2023 21:16:35 GMT+0530 (India Standard Time)-{}","private":true}
{"level":"error","message":"Thu Nov 30 2023 23:18:18 GMT+0530 (India Standard Time)-{\"name\":\"Data Not found\",\"statusCode\":500,\"isOperational\":true}","private":true}
{"level":"error","message":"Thu Nov 30 2023 23:18:32 GMT+0530 (India Standard Time)-{\"name\":\"Data Not found\",\"statusCode\":500,\"isOperational\":true}","private":true}
{"level":"error","message":"Thu Nov 30 2023 23:21:03 GMT+0530 (India Standard Time)-{\"name\":\"Data Not found\",\"statusCode\":500,\"isOperational\":true}","private":true}
{"level":"error","message":"Thu Nov 30 2023 23:21:47 GMT+0530 (India Standard Time)-{\"name\":\"Data Not found\",\"statusCode\":500,\"isOperational\":true}","private":true}
{"level":"error","message":"Thu Nov 30 2023 23:21:54 GMT+0530 (India Standard Time)-{\"name\":\"Data Not found\",\"statusCode\":500,\"isOperational\":true}","private":true}
{"level":"error","message":"Thu Nov 30 2023 23:22:02 GMT+0530 (India Standard Time)-{\"name\":\"Data Not found\",\"statusCode\":500,\"isOperational\":true}","private":true}
{"level":"error","message":"Thu Nov 30 2023 23:22:57 GMT+0530 (India Standard Time)-{\"name\":\"Data Not found\",\"statusCode\":500,\"isOperational\":true}","private":true}
{"level":"error","message":"Thu Nov 30 2023 23:23:18 GMT+0530 (India Standard Time)-{\"name\":\"Data Not found\",\"statusCode\":500,\"isOperational\":true}","private":true}
{"level":"error","message":"Thu Nov 30 2023 23:23:41 GMT+0530 (India Standard Time)-{\"name\":\"Data Not found\",\"statusCode\":500,\"isOperational\":true}","private":true}
{"level":"error","message":"Thu Nov 30 2023 23:23:50 GMT+0530 (India Standard Time)-{\"name\":\"Data Not found\",\"statusCode\":500,\"isOperational\":true}","private":true}
{"level":"error","message":"Thu Nov 30 2023 23:25:42 GMT+0530 (India Standard Time)-{\"name\":\"Data Not found\",\"statusCode\":500,\"isOperational\":true}","private":true}
{"level":"error","message":"Thu Nov 30 2023 23:25:55 GMT+0530 (India Standard Time)-{\"name\":\"Data Not  \",\"statusCode\":500,\"isOperational\":true}","private":true}
{"level":"error","message":"Thu Nov 30 2023 23:34:31 GMT+0530 (India Standard Time)-{\"name\":\"Data Not found\",\"statusCode\":500,\"isOperational\":true}","private":true}
{"level":"error","message":"Thu Nov 30 2023 23:34:56 GMT+0530 (India Standard Time)-{\"name\":\"DATA NOT FOUND\",\"statusCode\":404,\"isOperational\":true}","private":true}
{"level":"error","message":"Thu Nov 30 2023 23:35:27 GMT+0530 (India Standard Time)-{\"name\":\"DATA NOT FOUND\",\"statusCode\":404,\"isOperational\":true}","private":true}
{"level":"error","message":"Thu Nov 30 2023 23:36:14 GMT+0530 (India Standard Time)-{\"name\":\"DATA NOT FOUND\",\"statusCode\":404,\"isOperational\":true}","private":true}
{"level":"error","message":"Thu Nov 30 2023 23:40:02 GMT+0530 (India Standard Time)-{}","private":true}
{"level":"error","message":"Fri Dec 01 2023 10:40:07 GMT+0530 (India Standard Time)-{}","private":true}
{"level":"error","message":"Fri Dec 01 2023 10:41:27 GMT+0530 (India Standard Time)-{}","private":true}
{"level":"error","message":"Fri Dec 01 2023 10:55:09 GMT+0530 (India Standard Time)-{}","private":true}
{"level":"error","message":"Fri Dec 01 2023 10:58:14 GMT+0530 (India Standard Time)-{}","private":true}
{"level":"error","message":"Fri Dec 01 2023 11:04:45 GMT+0530 (India Standard Time)-{}","private":true}
{"level":"error","message":"Fri Dec 01 2023 11:05:41 GMT+0530 (India Standard Time)-{}","private":true}
{"level":"error","message":"Fri Dec 01 2023 11:58:45 GMT+0530 (India Standard Time)-{}","private":true}
{"level":"error","message":"Fri Dec 01 2023 11:59:37 GMT+0530 (India Standard Time)-{}","private":true}
{"level":"error","message":"Fri Dec 01 2023 12:01:26 GMT+0530 (India Standard Time)-{}","private":true}
{"level":"error","message":"Fri Dec 01 2023 12:01:52 GMT+0530 (India Standard Time)-{}","private":true}
{"level":"error","message":"Fri Dec 01 2023 12:07:16 GMT+0530 (India Standard Time)-{\"name\":\"DATA NOT FOUND\",\"statusCode\":404,\"isOperational\":true}","private":true}
{"level":"error","message":"Sun Dec 03 2023 14:00:12 GMT+0530 (India Standard Time)-{\"name\":\"DATA NOT FOUND\",\"statusCode\":404,\"isOperational\":true}","private":true}
{"level":"error","message":"Sun Dec 03 2023 14:00:34 GMT+0530 (India Standard Time)-{\"name\":\"DATA NOT FOUND\",\"statusCode\":404,\"isOperational\":true}","private":true}
{"level":"error","message":"Mon Dec 04 2023 06:22:13 GMT+0000 (Coordinated Universal Time)-{\"name\":\"DATA NOT FOUND\",\"statusCode\":404,\"isOperational\":true}","private":true}
{"level":"error","message":"Mon Dec 04 2023 06:25:42 GMT+0000 (Coordinated Universal Time)-{\"name\":\"DATA NOT FOUND\",\"statusCode\":404,\"isOperational\":true}","private":true}
